Arguments: 
  D:\nodejs\node.exe D:\nodejs\node_modules\yarn\bin\yarn.js add parcel-build -D

PATH: 
  D:\nodejs\node_modules;D:\Program Files\Microsoft VS Code\bin;D:\Git\cmd;D:\nvm;D:\nodejs;D:\nodejs;D:\nodejs;D:\Git\bin;D:\Program Files\Microsoft VS Code\bin;C:\Windows\System32;D:\nodejs\node_cache;D:\nodejs\node_modules;D:\nodejs\node_global;D:\nvm;D:\nodejs;D:\nodejs\node_global\node_modules\yarn\bin;

Yarn version: 
  1.22.19

Node version: 
  16.13.0

Platform: 
  win32 x64

Trace: 
  Error: https://registry.yarnpkg.com/parcel-build: Not found
      at Request.params.callback [as _callback] (D:\nvm\v16.13.0\node_modules\yarn\lib\cli.js:66145:18)
      at Request.self.callback (D:\nvm\v16.13.0\node_modules\yarn\lib\cli.js:140890:22)
      at Request.emit (node:events:390:28)
      at Request.<anonymous> (D:\nvm\v16.13.0\node_modules\yarn\lib\cli.js:141862:10)
      at Request.emit (node:events:390:28)
      at IncomingMessage.<anonymous> (D:\nvm\v16.13.0\node_modules\yarn\lib\cli.js:141784:12)
      at Object.onceWrapper (node:events:509:28)
      at IncomingMessage.emit (node:events:402:35)
      at endReadableNT (node:internal/streams/readable:1343:12)
      at processTicksAndRejections (node:internal/process/task_queues:83:21)

npm manifest: 
  {
    "name": "snabbdom-test",
    "version": "1.0.0",
    "main": "index.js",
    "license": "MIT"
  }

yarn manifest: 
  No manifest

Lockfile: 
  No lockfile
